<?xml version="1.0" encoding="UTF-8"?>
<!-- Generated by org.testng.reporters.JUnitReportReporter -->
<testsuite hostname="LAPTOP-965NCTD2" failures="0" tests="1" name="runners.smoketest" time="9.366" errors="0" timestamp="18 Nov 2023 18:50:55 GMT" skipped="0">
  <testcase classname="runners.smoketest" name="runScenario" time="9.366"/>
</testsuite> <!-- runners.smoketest -->
